Build started 19-Dec-15 4:40:33 PM.
     1>Project "E:\prj\C_OOP\C++HW3\C++HW3\C++HW3.vcxproj" on node 2 (Build target(s)).
     1>ClCompile:
         C:\Program Files (x86)\Microsoft Visual Studio 14.0\VC\bin\CL.exe /c /ZI /nologo /W3 /WX- /sdl /Od /Oy- /D _MBCS /Gm /EHsc /RTC1 /MDd /GS /fp:precise /Zc:wchar_t /Zc:forScope /Zc:inline /Fo"Debug\\" /Fd"Debug\vc140.pdb" /Gd /TP /analyze- /errorReport:prompt EnterQuery.cpp QueryStringParser.cpp Source.cpp StringHandler.cpp StringQuery.cpp
         StringQuery.cpp
         StringHandler.cpp
         EnterQuery.cpp
     1>e:\prj\c_oop\c++hw3\c++hw3\enterquery.cpp(18): warning C4018: '>': signed/unsigned mismatch
         Generating Code...
         Skipping... (no relevant changes detected)
         Source.cpp
         QueryStringParser.cpp
       Link:
         C:\Program Files (x86)\Microsoft Visual Studio 14.0\VC\bin\link.exe /ERRORREPORT:PROMPT /OUT:"E:\prj\C_OOP\C++HW3\Debug\C++HW3.exe" /INCREMENTAL /NOLOGO kernel32.lib user32.lib gdi32.lib winspool.lib comdlg32.lib advapi32.lib shell32.lib ole32.lib oleaut32.lib uuid.lib odbc32.lib odbccp32.lib /MANIFEST /MANIFESTUAC:"level='asInvoker' uiAccess='false'" /manifest:embed /Debug /PDB:"E:\prj\C_OOP\C++HW3\Debug\C++HW3.pdb" /TLBID:1 /DYNAMICBASE /NXCOMPAT /IMPLIB:"E:\prj\C_OOP\C++HW3\Debug\C++HW3.lib" /MACHINE:X86 Debug\EnterQuery.obj
         Debug\QueryStringParser.obj
         Debug\Source.obj
         Debug\StringHandler.obj
         Debug\StringQuery.obj
         C++HW3.vcxproj -> E:\prj\C_OOP\C++HW3\Debug\C++HW3.exe
     1>Done Building Project "E:\prj\C_OOP\C++HW3\C++HW3\C++HW3.vcxproj" (Build target(s)).

Build succeeded.

Time Elapsed 00:00:02.37
