Build started 05-Feb-16 10:49:49 PM.
     1>Project "C:\prj\KeyValueStore\KeyValueStore\KeyValueStore.vcxproj" on node 2 (Build target(s)).
     1>ClCompile:
         C:\Program Files (x86)\Microsoft Visual Studio 14.0\VC\bin\CL.exe /c /ZI /nologo /W3 /WX- /sdl /Od /Oy- /D _MBCS /Gm /EHsc /RTC1 /MDd /GS /fp:precise /Zc:wchar_t /Zc:forScope /Zc:inline /Fo"Debug\\" /Fd"Debug\vc140.pdb" /Gd /TP /analyze- /errorReport:prompt FileManager.cpp KeyValueStore.cpp Source.cpp
         Source.cpp
     1>c:\prj\keyvaluestore\keyvaluestore\source.cpp(41): warning C4800: 'int *': forcing value to bool 'true' or 'false' (performance warning)
         Generating Code...
     1>c:\prj\keyvaluestore\keyvaluestore\keyvaluestore.h(152): warning C4715: 'KeyValueStore<int>::Erase': not all control paths return a value
     1>c:\prj\keyvaluestore\keyvaluestore\keyvaluestore.h(77): warning C4172: returning address of local variable or temporary: value
         Skipping... (no relevant changes detected)
         KeyValueStore.cpp
         FileManager.cpp
       Link:
         C:\Program Files (x86)\Microsoft Visual Studio 14.0\VC\bin\link.exe /ERRORREPORT:PROMPT /OUT:"C:\prj\KeyValueStore\Debug\KeyValueStore.exe" /INCREMENTAL /NOLOGO kernel32.lib user32.lib gdi32.lib winspool.lib comdlg32.lib advapi32.lib shell32.lib ole32.lib oleaut32.lib uuid.lib odbc32.lib odbccp32.lib /MANIFEST /MANIFESTUAC:"level='asInvoker' uiAccess='false'" /manifest:embed /Debug /PDB:"C:\prj\KeyValueStore\Debug\KeyValueStore.pdb" /TLBID:1 /DYNAMICBASE /NXCOMPAT /IMPLIB:"C:\prj\KeyValueStore\Debug\KeyValueStore.lib" /MACHINE:X86 Debug\FileManager.obj
         Debug\HashFunction.obj
         Debug\KeyValueStore.obj
         Debug\Source.obj
         KeyValueStore.vcxproj -> C:\prj\KeyValueStore\Debug\KeyValueStore.exe
     1>Done Building Project "C:\prj\KeyValueStore\KeyValueStore\KeyValueStore.vcxproj" (Build target(s)).

Build succeeded.

Time Elapsed 00:00:01.22
